{"/Users/prashantnehe/Documents/hapi-backend/index.js": {"path":"/Users/prashantnehe/Documents/hapi-backend/index.js","statementMap":{"0":{"start":{"line":2,"column":13},"end":{"line":2,"column":34}},"1":{"start":{"line":3,"column":12},"end":{"line":3,"column":26}},"2":{"start":{"line":4,"column":12},"end":{"line":4,"column":21}},"3":{"start":{"line":5,"column":14},"end":{"line":5,"column":36}},"4":{"start":{"line":6,"column":15},"end":{"line":6,"column":38}},"5":{"start":{"line":7,"column":20},"end":{"line":7,"column":43}},"6":{"start":{"line":8,"column":13},"end":{"line":8,"column":33}},"7":{"start":{"line":9,"column":12},"end":{"line":9,"column":26}},"8":{"start":{"line":12,"column":15},"end":{"line":30,"column":1}},"9":{"start":{"line":32,"column":17},"end":{"line":32,"column":36}},"10":{"start":{"line":33,"column":15},"end":{"line":36,"column":2}},"11":{"start":{"line":38,"column":23},"end":{"line":43,"column":5}},"12":{"start":{"line":45,"column":23},"end":{"line":48,"column":1}},"13":{"start":{"line":46,"column":26},"end":{"line":46,"column":80}},"14":{"start":{"line":46,"column":65},"end":{"line":46,"column":72}},"15":{"start":{"line":47,"column":4},"end":{"line":47,"column":55}},"16":{"start":{"line":51,"column":21},"end":{"line":62,"column":1}},"17":{"start":{"line":52,"column":14},"end":{"line":52,"column":16}},"18":{"start":{"line":53,"column":4},"end":{"line":60,"column":5}},"19":{"start":{"line":53,"column":16},"end":{"line":53,"column":17}},"20":{"start":{"line":54,"column":18},"end":{"line":54,"column":26}},"21":{"start":{"line":55,"column":8},"end":{"line":55,"column":25}},"22":{"start":{"line":56,"column":8},"end":{"line":56,"column":26}},"23":{"start":{"line":57,"column":21},"end":{"line":57,"column":41}},"24":{"start":{"line":58,"column":8},"end":{"line":58,"column":57}},"25":{"start":{"line":58,"column":26},"end":{"line":58,"column":56}},"26":{"start":{"line":59,"column":8},"end":{"line":59,"column":39}},"27":{"start":{"line":61,"column":4},"end":{"line":61,"column":29}},"28":{"start":{"line":65,"column":0},"end":{"line":90,"column":2}},"29":{"start":{"line":70,"column":12},"end":{"line":81,"column":13}},"30":{"start":{"line":72,"column":30},"end":{"line":72,"column":55}},"31":{"start":{"line":73,"column":16},"end":{"line":73,"column":77}},"32":{"start":{"line":73,"column":28},"end":{"line":73,"column":77}},"33":{"start":{"line":76,"column":16},"end":{"line":76,"column":89}},"34":{"start":{"line":78,"column":16},"end":{"line":80,"column":70}},"35":{"start":{"line":92,"column":13},"end":{"line":103,"column":1}},"36":{"start":{"line":93,"column":4},"end":{"line":100,"column":7}},"37":{"start":{"line":101,"column":4},"end":{"line":101,"column":25}},"38":{"start":{"line":102,"column":4},"end":{"line":102,"column":58}},"39":{"start":{"line":105,"column":0},"end":{"line":105,"column":7}},"40":{"start":{"line":106,"column":0},"end":{"line":106,"column":24}}},"fnMap":{"0":{"name":"(anonymous_0)","decl":{"start":{"line":45,"column":23},"end":{"line":45,"column":24}},"loc":{"start":{"line":45,"column":43},"end":{"line":48,"column":1}},"line":45},"1":{"name":"(anonymous_1)","decl":{"start":{"line":46,"column":56},"end":{"line":46,"column":57}},"loc":{"start":{"line":46,"column":65},"end":{"line":46,"column":72}},"line":46},"2":{"name":"(anonymous_2)","decl":{"start":{"line":51,"column":21},"end":{"line":51,"column":22}},"loc":{"start":{"line":51,"column":36},"end":{"line":62,"column":1}},"line":51},"3":{"name":"(anonymous_3)","decl":{"start":{"line":69,"column":17},"end":{"line":69,"column":18}},"loc":{"start":{"line":69,"column":33},"end":{"line":82,"column":9}},"line":69},"4":{"name":"(anonymous_4)","decl":{"start":{"line":92,"column":13},"end":{"line":92,"column":14}},"loc":{"start":{"line":92,"column":25},"end":{"line":103,"column":1}},"line":92}},"branchMap":{"0":{"loc":{"start":{"line":57,"column":21},"end":{"line":57,"column":41}},"type":"binary-expr","locations":[{"start":{"line":57,"column":21},"end":{"line":57,"column":34}},{"start":{"line":57,"column":38},"end":{"line":57,"column":41}}],"line":57},"1":{"loc":{"start":{"line":58,"column":8},"end":{"line":58,"column":57}},"type":"if","locations":[{"start":{"line":58,"column":8},"end":{"line":58,"column":57}},{"start":{},"end":{}}],"line":58},"2":{"loc":{"start":{"line":73,"column":16},"end":{"line":73,"column":77}},"type":"if","locations":[{"start":{"line":73,"column":16},"end":{"line":73,"column":77}},{"start":{},"end":{}}],"line":73},"3":{"loc":{"start":{"line":78,"column":23},"end":{"line":80,"column":69}},"type":"cond-expr","locations":[{"start":{"line":79,"column":16},"end":{"line":79,"column":93}},{"start":{"line":80,"column":22},"end":{"line":80,"column":69}}],"line":78},"4":{"loc":{"start":{"line":78,"column":24},"end":{"line":78,"column":73}},"type":"binary-expr","locations":[{"start":{"line":78,"column":24},"end":{"line":78,"column":35}},{"start":{"line":78,"column":39},"end":{"line":78,"column":73}}],"line":78}},"s":{"0":1,"1":1,"2":1,"3":1,"4":1,"5":1,"6":1,"7":1,"8":1,"9":1,"10":1,"11":1,"12":1,"13":2,"14":3,"15":2,"16":1,"17":2,"18":2,"19":2,"20":7,"21":7,"22":7,"23":7,"24":7,"25":1,"26":7,"27":2,"28":1,"29":3,"30":3,"31":3,"32":1,"33":2,"34":2,"35":1,"36":1,"37":1,"38":1,"39":1,"40":1},"f":{"0":2,"1":3,"2":2,"3":3,"4":1},"b":{"0":[7,1],"1":[1,6],"2":[1,2],"3":[1,0],"4":[2,2]},"_coverageSchema":"1a1c01bbd47fc00a2c39e90264f33305004495a9","hash":"42f12097868013e785ef16f0dec22d2d189c5caf"}
}
