TN:
SF:index.js
FN:45,(anonymous_0)
FN:46,(anonymous_1)
FN:51,(anonymous_2)
FN:69,(anonymous_3)
FN:92,(anonymous_4)
FNF:5
FNH:5
FNDA:2,(anonymous_0)
FNDA:3,(anonymous_1)
FNDA:2,(anonymous_2)
FNDA:3,(anonymous_3)
FNDA:1,(anonymous_4)
DA:2,1
DA:3,1
DA:4,1
DA:5,1
DA:6,1
DA:7,1
DA:8,1
DA:9,1
DA:12,1
DA:32,1
DA:33,1
DA:38,1
DA:45,1
DA:46,3
DA:47,2
DA:51,1
DA:52,2
DA:53,2
DA:54,7
DA:55,7
DA:56,7
DA:57,7
DA:58,7
DA:59,7
DA:61,2
DA:65,1
DA:70,3
DA:72,3
DA:73,3
DA:76,2
DA:78,2
DA:92,1
DA:93,1
DA:101,1
DA:102,1
DA:105,1
DA:106,1
LF:37
LH:37
BRDA:57,0,0,7
BRDA:57,0,1,1
BRDA:58,1,0,1
BRDA:58,1,1,6
BRDA:73,2,0,1
BRDA:73,2,1,2
BRDA:78,3,0,1
BRDA:78,3,1,0
BRDA:78,4,0,2
BRDA:78,4,1,2
BRF:10
BRH:9
end_of_record
